Logfile initialized
[INFO] logfile = C:\Users\Dave\Documents\Titanium_Studio_Workspace\CrayPlay\build.log
[DEBUG] C:\Users\Dave\AppData\Roaming\Titanium\mobilesdk\win32\3.1.0.GA\android\builder.py simulator CrayPlay C:\Android_SDK C:\Users\Dave\Documents\Titanium_Studio_Workspace\CrayPlay com.crayplay.crayplay 5 WVGA854
[INFO] logfile = C:\Users\Dave\Documents\Titanium_Studio_Workspace\CrayPlay\build.log
[DEBUG] C:\Users\Dave\AppData\Roaming\Titanium\mobilesdk\win32\3.1.0.GA\android\builder.py emulator CrayPlay C:\Android_SDK C:\Users\Dave\Documents\Titanium_Studio_Workspace\CrayPlay com.crayplay.crayplay 5 WVGA854 armeabi-v7a
[INFO] Building CrayPlay for Android ... one moment
[INFO] Launching Android emulator...one moment
[DEBUG] From: C:\Android_SDK\tools\emulator.exe
[DEBUG] SDCard: C:\Users\Dave\.titanium\android2.sdcard
[DEBUG] AVD ID: 5
[DEBUG] AVD Skin: WVGA854
[DEBUG] AVD ABI: armeabi-v7a
[DEBUG] SDK: C:\Android_SDK
[INFO] plugin=C:\Users\Dave\AppData\Roaming\Titanium\plugins\ti.alloy\1.0\plugin.py
[INFO] Detected compiler plugin: ti.alloy/1.0
[INFO] Emulator is running.
[INFO] Titanium SDK version: 3.1.0 (04/15/13 18:45 57634ef)
[DEBUG] Waiting for device to be ready ...
[TRACE] adb devices returned 1 devices/emulators
[DEBUG] Device connected... (waited 0 seconds)
[DEBUG] waited 0.019000 seconds on emulator to get ready
[DEBUG] com.crayplay.crayplay installed? False
[INFO] Fastdev server running, deploying in Fastdev mode
[INFO] Copying CommonJS modules...
[INFO] Copying project resources..
[TRACE] COPYING MODIFIED FILE: C:\Users\Dave\Documents\Titanium_Studio_Workspace\CrayPlay\Resources\alloy\backbone.js => C:\Users\Dave\Documents\Titanium_Studio_Workspace\CrayPlay\build\android\bin\assets\Resources\alloy\backbone.js
[TRACE] COPYING MODIFIED FILE: C:\Users\Dave\Documents\Titanium_Studio_Workspace\CrayPlay\Resources\alloy\CFG.js => C:\Users\Dave\Documents\Titanium_Studio_Workspace\CrayPlay\build\android\bin\assets\Resources\alloy\CFG.js
[TRACE] COPYING MODIFIED FILE: C:\Users\Dave\Documents\Titanium_Studio_Workspace\CrayPlay\Resources\alloy\controllers\BaseController.js => C:\Users\Dave\Documents\Titanium_Studio_Workspace\CrayPlay\build\android\bin\assets\Resources\alloy\controllers\BaseController.js
[TRACE] COPYING MODIFIED FILE: C:\Users\Dave\Documents\Titanium_Studio_Workspace\CrayPlay\Resources\alloy\controllers\index.js => C:\Users\Dave\Documents\Titanium_Studio_Workspace\CrayPlay\build\android\bin\assets\Resources\alloy\controllers\index.js
[TRACE] COPYING MODIFIED FILE: C:\Users\Dave\Documents\Titanium_Studio_Workspace\CrayPlay\Resources\alloy\controllers\rules.js => C:\Users\Dave\Documents\Titanium_Studio_Workspace\CrayPlay\build\android\bin\assets\Resources\alloy\controllers\rules.js
[TRACE] COPYING MODIFIED FILE: C:\Users\Dave\Documents\Titanium_Studio_Workspace\CrayPlay\Resources\alloy\controllers\start.js => C:\Users\Dave\Documents\Titanium_Studio_Workspace\CrayPlay\build\android\bin\assets\Resources\alloy\controllers\start.js
[TRACE] COPYING MODIFIED FILE: C:\Users\Dave\Documents\Titanium_Studio_Workspace\CrayPlay\Resources\alloy\controllers\welcome.js => C:\Users\Dave\Documents\Titanium_Studio_Workspace\CrayPlay\build\android\bin\assets\Resources\alloy\controllers\welcome.js
[TRACE] COPYING MODIFIED FILE: C:\Users\Dave\Documents\Titanium_Studio_Workspace\CrayPlay\Resources\alloy\sync\localStorage.js => C:\Users\Dave\Documents\Titanium_Studio_Workspace\CrayPlay\build\android\bin\assets\Resources\alloy\sync\localStorage.js
[TRACE] COPYING MODIFIED FILE: C:\Users\Dave\Documents\Titanium_Studio_Workspace\CrayPlay\Resources\alloy\sync\properties.js => C:\Users\Dave\Documents\Titanium_Studio_Workspace\CrayPlay\build\android\bin\assets\Resources\alloy\sync\properties.js
[TRACE] COPYING MODIFIED FILE: C:\Users\Dave\Documents\Titanium_Studio_Workspace\CrayPlay\Resources\alloy\sync\sql.js => C:\Users\Dave\Documents\Titanium_Studio_Workspace\CrayPlay\build\android\bin\assets\Resources\alloy\sync\sql.js
[TRACE] COPYING MODIFIED FILE: C:\Users\Dave\Documents\Titanium_Studio_Workspace\CrayPlay\Resources\alloy\sync\util.js => C:\Users\Dave\Documents\Titanium_Studio_Workspace\CrayPlay\build\android\bin\assets\Resources\alloy\sync\util.js
[TRACE] COPYING MODIFIED FILE: C:\Users\Dave\Documents\Titanium_Studio_Workspace\CrayPlay\Resources\alloy\underscore.js => C:\Users\Dave\Documents\Titanium_Studio_Workspace\CrayPlay\build\android\bin\assets\Resources\alloy\underscore.js
[TRACE] COPYING MODIFIED FILE: C:\Users\Dave\Documents\Titanium_Studio_Workspace\CrayPlay\Resources\alloy\widget.js => C:\Users\Dave\Documents\Titanium_Studio_Workspace\CrayPlay\build\android\bin\assets\Resources\alloy\widget.js
[TRACE] COPYING MODIFIED FILE: C:\Users\Dave\Documents\Titanium_Studio_Workspace\CrayPlay\Resources\alloy.js => C:\Users\Dave\Documents\Titanium_Studio_Workspace\CrayPlay\build\android\bin\assets\Resources\alloy.js
[TRACE] COPYING MODIFIED FILE: C:\Users\Dave\Documents\Titanium_Studio_Workspace\CrayPlay\Resources\app.js => C:\Users\Dave\Documents\Titanium_Studio_Workspace\CrayPlay\build\android\bin\assets\Resources\app.js
[DEBUG] LiveView not enabled
[INFO] Tiapp.xml unchanged, skipping class generation
[DEBUG] Processing Android resource drawables
[DEBUG] found drawable-long-land-hdpi splash screen at C:\Users\Dave\Documents\Titanium_Studio_Workspace\CrayPlay\Resources\android\images\res-long-land-hdpi\default.png
[DEBUG] found drawable-long-land-ldpi splash screen at C:\Users\Dave\Documents\Titanium_Studio_Workspace\CrayPlay\Resources\android\images\res-long-land-ldpi\default.png
[DEBUG] found drawable-long-port-hdpi splash screen at C:\Users\Dave\Documents\Titanium_Studio_Workspace\CrayPlay\Resources\android\images\res-long-port-hdpi\default.png
[DEBUG] found drawable-long-port-ldpi splash screen at C:\Users\Dave\Documents\Titanium_Studio_Workspace\CrayPlay\Resources\android\images\res-long-port-ldpi\default.png
[DEBUG] found drawable-notlong-land-hdpi splash screen at C:\Users\Dave\Documents\Titanium_Studio_Workspace\CrayPlay\Resources\android\images\res-notlong-land-hdpi\default.png
[DEBUG] found drawable-notlong-land-ldpi splash screen at C:\Users\Dave\Documents\Titanium_Studio_Workspace\CrayPlay\Resources\android\images\res-notlong-land-ldpi\default.png
[DEBUG] found drawable-notlong-land-mdpi splash screen at C:\Users\Dave\Documents\Titanium_Studio_Workspace\CrayPlay\Resources\android\images\res-notlong-land-mdpi\default.png
[DEBUG] found drawable-notlong-port-hdpi splash screen at C:\Users\Dave\Documents\Titanium_Studio_Workspace\CrayPlay\Resources\android\images\res-notlong-port-hdpi\default.png
[DEBUG] found drawable-notlong-port-ldpi splash screen at C:\Users\Dave\Documents\Titanium_Studio_Workspace\CrayPlay\Resources\android\images\res-notlong-port-ldpi\default.png
[DEBUG] found drawable-notlong-port-mdpi splash screen at C:\Users\Dave\Documents\Titanium_Studio_Workspace\CrayPlay\Resources\android\images\res-notlong-port-mdpi\default.png
[DEBUG] creating unsigned apk: C:\Users\Dave\Documents\Titanium_Studio_Workspace\CrayPlay\build\android\bin\app-unsigned.apk
[DEBUG] from resource zip => assets/Resources/alloy/controllers/BaseController.js
[DEBUG] from resource zip => assets/Resources/alloy/controllers/index.js
[DEBUG] from resource zip => assets/Resources/alloy/controllers/rules.js
[DEBUG] from resource zip => assets/Resources/alloy/controllers/start.js
[DEBUG] from resource zip => assets/Resources/alloy/controllers/welcome.js
[DEBUG] from resource zip => assets/Resources/alloy/sync/localStorage.js
[DEBUG] from resource zip => assets/Resources/alloy/sync/properties.js
[DEBUG] from resource zip => assets/Resources/alloy/sync/sql.js
[DEBUG] from resource zip => assets/Resources/alloy/sync/util.js
[DEBUG] from resource zip => assets/Resources/alloy/CFG.js
[DEBUG] from resource zip => assets/Resources/alloy/backbone.js
[DEBUG] from resource zip => assets/Resources/alloy/underscore.js
[DEBUG] from resource zip => assets/Resources/alloy/widget.js
[DEBUG] from resource zip => assets/Resources/alloy.js
[DEBUG] from resource zip => assets/Resources/app.js
[DEBUG] from resource zip => assets/Resources/appicon.png
[DEBUG] from resource zip => assets/Resources/default.png
[DEBUG] from resource zip => assets/app.json
[DEBUG] from resource zip => assets/index.json
[DEBUG] from resource zip => assets/tiapp.xml
[DEBUG] from resource zip => res/drawable/appicon.png
[DEBUG] from resource zip => res/drawable/background.png
[DEBUG] from resource zip => res/drawable/btn_check_buttonless_on_64.png
[DEBUG] from resource zip => res/drawable/btn_more_64.png
[DEBUG] from resource zip => res/drawable/disclosure_64.png
[DEBUG] from resource zip => res/layout/titanium_tabgroup.xml
[DEBUG] from resource zip => res/layout/titanium_ui_list_header_or_footer.xml
[DEBUG] from resource zip => res/layout/titanium_ui_list_item.xml
[DEBUG] from resource zip => AndroidManifest.xml
[DEBUG] from resource zip => resources.arsc
[DEBUG] from resource zip => res/drawable-long-land-hdpi/background.png
[DEBUG] from resource zip => res/drawable-long-land-ldpi/background.png
[DEBUG] from resource zip => res/drawable-long-port-hdpi/background.png
[DEBUG] from resource zip => res/drawable-long-port-ldpi/background.png
[DEBUG] from resource zip => res/drawable-notlong-land-hdpi/background.png
[DEBUG] from resource zip => res/drawable-notlong-land-ldpi/background.png
[DEBUG] from resource zip => res/drawable-notlong-land-mdpi/background.png
[DEBUG] from resource zip => res/drawable-notlong-port-hdpi/background.png
[DEBUG] from resource zip => res/drawable-notlong-port-ldpi/background.png
[DEBUG] from resource zip => res/drawable-notlong-port-mdpi/background.png
[DEBUG] from JAR C:\Users\Dave\AppData\Roaming\Titanium\mobilesdk\win32\3.1.0.GA\android\titanium.jar => org/appcelerator/titanium/build.properties
[DEBUG] from JAR C:\Users\Dave\AppData\Roaming\Titanium\mobilesdk\win32\3.1.0.GA\android\titanium.jar => org/appcelerator/titanium/res/drawable/background.png
[DEBUG] from JAR C:\Users\Dave\AppData\Roaming\Titanium\mobilesdk\win32\3.1.0.GA\android\titanium.jar => org/appcelerator/titanium/res/drawable/btn_check_buttonless_on.png
[DEBUG] from JAR C:\Users\Dave\AppData\Roaming\Titanium\mobilesdk\win32\3.1.0.GA\android\titanium.jar => org/appcelerator/titanium/res/drawable/btn_check_buttonless_on_18.png
[DEBUG] from JAR C:\Users\Dave\AppData\Roaming\Titanium\mobilesdk\win32\3.1.0.GA\android\titanium.jar => org/appcelerator/titanium/res/drawable/btn_check_buttonless_on_48.png
[DEBUG] from JAR C:\Users\Dave\AppData\Roaming\Titanium\mobilesdk\win32\3.1.0.GA\android\titanium.jar => org/appcelerator/titanium/res/drawable/btn_check_buttonless_on_64.png
[DEBUG] from JAR C:\Users\Dave\AppData\Roaming\Titanium\mobilesdk\win32\3.1.0.GA\android\titanium.jar => org/appcelerator/titanium/res/drawable/btn_more.png
[DEBUG] from JAR C:\Users\Dave\AppData\Roaming\Titanium\mobilesdk\win32\3.1.0.GA\android\titanium.jar => org/appcelerator/titanium/res/drawable/btn_more_18.png
[DEBUG] from JAR C:\Users\Dave\AppData\Roaming\Titanium\mobilesdk\win32\3.1.0.GA\android\titanium.jar => org/appcelerator/titanium/res/drawable/btn_more_48.png
[DEBUG] from JAR C:\Users\Dave\AppData\Roaming\Titanium\mobilesdk\win32\3.1.0.GA\android\titanium.jar => org/appcelerator/titanium/res/drawable/btn_more_64.png
[DEBUG] from JAR C:\Users\Dave\AppData\Roaming\Titanium\mobilesdk\win32\3.1.0.GA\android\titanium.jar => org/appcelerator/titanium/res/drawable/btn_picker_normal.9.png
[DEBUG] from JAR C:\Users\Dave\AppData\Roaming\Titanium\mobilesdk\win32\3.1.0.GA\android\titanium.jar => org/appcelerator/titanium/res/drawable/btn_picker_pressed.9.png
[DEBUG] from JAR C:\Users\Dave\AppData\Roaming\Titanium\mobilesdk\win32\3.1.0.GA\android\titanium.jar => org/appcelerator/titanium/res/drawable/btn_picker_selected.9.png
[DEBUG] from JAR C:\Users\Dave\AppData\Roaming\Titanium\mobilesdk\win32\3.1.0.GA\android\titanium.jar => org/appcelerator/titanium/res/drawable/default_icon.png
[DEBUG] from JAR C:\Users\Dave\AppData\Roaming\Titanium\mobilesdk\win32\3.1.0.GA\android\titanium.jar => org/appcelerator/titanium/res/drawable/photoDefault.png
[DEBUG] from JAR C:\Users\Dave\AppData\Roaming\Titanium\mobilesdk\win32\3.1.0.GA\android\modules\titanium-ui.jar => ti/modules/titanium/ui/widget/webview/binding.js
[DEBUG] from JAR C:\Users\Dave\AppData\Roaming\Titanium\mobilesdk\win32\3.1.0.GA\android\modules\titanium-ui.jar => ti/modules/titanium/ui/widget/webview/binding.min.js
[DEBUG] from JAR C:\Users\Dave\AppData\Roaming\Titanium\mobilesdk\win32\3.1.0.GA\android\modules\titanium-ui.jar => ti/modules/titanium/ui/widget/webview/json2.js
[DEBUG] from JAR C:\Users\Dave\AppData\Roaming\Titanium\mobilesdk\win32\3.1.0.GA\android\modules\titanium-ui.jar => ti/modules/titanium/ui/widget/webview/polling.js
[DEBUG] from JAR C:\Users\Dave\AppData\Roaming\Titanium\mobilesdk\win32\3.1.0.GA\android\modules\titanium-ui.jar => ti/modules/titanium/ui/widget/webview/polling.min.js
[DEBUG] from JAR C:\Users\Dave\AppData\Roaming\Titanium\mobilesdk\win32\3.1.0.GA\android\thirdparty.jar => org/apache/Commons-NOTICE.txt
[DEBUG] from JAR C:\Users\Dave\AppData\Roaming\Titanium\mobilesdk\win32\3.1.0.GA\android\thirdparty.jar => org/apache/HttpComponents-NOTICE.txt
[DEBUG] from JAR C:\Users\Dave\AppData\Roaming\Titanium\mobilesdk\win32\3.1.0.GA\android\thirdparty.jar => org/apache/mime4j-NOTICE.txt
[DEBUG] installing native SDK libs
[DEBUG] Waiting for device to be ready ...
[TRACE] adb devices returned 1 devices/emulators
[DEBUG] Device connected... (waited 0 seconds)
[DEBUG] waited 0.023000 seconds on emulator to get ready
[INFO] Installing application on emulator
[INFO] Launching application ... CrayPlay
[TRACE] Launch output: Error type 2
android.util.AndroidException: Can't connect to activity manager; is the system running?
	at com.android.commands.am.Am.run(Am.java:101)
	at com.android.commands.am.Am.main(Am.java:82)
	at com.android.internal.os.RuntimeInit.nativeFinishInit(Native Method)
	at com.android.internal.os.RuntimeInit.main(RuntimeInit.java:235)
	at dalvik.system.NativeStart.main(Native Method)

[INFO] Deployed CrayPlay ... Application should be running.
